0 info it worked if it ends with ok
1 verbose cli [ 'C:\\Program Files\\nodejs\\node.exe',
1 verbose cli   'C:\\Program Files\\nodejs\\node_modules\\npm\\bin\\npm-cli.js',
1 verbose cli   'install',
1 verbose cli   'gulp-jshint',
1 verbose cli   'gulp-sass',
1 verbose cli   'gulp-concat',
1 verbose cli   'gulp-uglify',
1 verbose cli   'gulp-rename--save-dev' ]
2 info using npm@3.10.10
3 info using node@v6.9.5
4 silly loadCurrentTree Starting
5 silly install loadCurrentTree
6 silly install readLocalPackageData
7 silly fetchPackageMetaData gulp-jshint
8 silly fetchPackageMetaData gulp-sass
9 silly fetchPackageMetaData gulp-concat@^2.6.1
10 silly fetchPackageMetaData gulp-uglify@^2.1.2
11 silly fetchPackageMetaData gulp-rename--save-dev
12 silly fetchNamedPackageData gulp-concat
13 silly mapToRegistry name gulp-concat
14 silly mapToRegistry using default registry
15 silly mapToRegistry registry https://registry.npm.taobao.org/
16 silly mapToRegistry data Result {
16 silly mapToRegistry   raw: 'gulp-concat',
16 silly mapToRegistry   scope: null,
16 silly mapToRegistry   escapedName: 'gulp-concat',
16 silly mapToRegistry   name: 'gulp-concat',
16 silly mapToRegistry   rawSpec: '',
16 silly mapToRegistry   spec: 'latest',
16 silly mapToRegistry   type: 'tag' }
17 silly mapToRegistry uri https://registry.npm.taobao.org/gulp-concat
18 silly fetchNamedPackageData gulp-uglify
19 silly mapToRegistry name gulp-uglify
20 silly mapToRegistry using default registry
21 silly mapToRegistry registry https://registry.npm.taobao.org/
22 silly mapToRegistry data Result {
22 silly mapToRegistry   raw: 'gulp-uglify',
22 silly mapToRegistry   scope: null,
22 silly mapToRegistry   escapedName: 'gulp-uglify',
22 silly mapToRegistry   name: 'gulp-uglify',
22 silly mapToRegistry   rawSpec: '',
22 silly mapToRegistry   spec: 'latest',
22 silly mapToRegistry   type: 'tag' }
23 silly mapToRegistry uri https://registry.npm.taobao.org/gulp-uglify
24 silly fetchNamedPackageData gulp-jshint
25 silly mapToRegistry name gulp-jshint
26 silly mapToRegistry using default registry
27 silly mapToRegistry registry https://registry.npm.taobao.org/
28 silly mapToRegistry data Result {
28 silly mapToRegistry   raw: 'gulp-jshint',
28 silly mapToRegistry   scope: null,
28 silly mapToRegistry   escapedName: 'gulp-jshint',
28 silly mapToRegistry   name: 'gulp-jshint',
28 silly mapToRegistry   rawSpec: '',
28 silly mapToRegistry   spec: 'latest',
28 silly mapToRegistry   type: 'tag' }
29 silly mapToRegistry uri https://registry.npm.taobao.org/gulp-jshint
30 silly fetchNamedPackageData gulp-sass
31 silly mapToRegistry name gulp-sass
32 silly mapToRegistry using default registry
33 silly mapToRegistry registry https://registry.npm.taobao.org/
34 silly mapToRegistry data Result {
34 silly mapToRegistry   raw: 'gulp-sass',
34 silly mapToRegistry   scope: null,
34 silly mapToRegistry   escapedName: 'gulp-sass',
34 silly mapToRegistry   name: 'gulp-sass',
34 silly mapToRegistry   rawSpec: '',
34 silly mapToRegistry   spec: 'latest',
34 silly mapToRegistry   type: 'tag' }
35 silly mapToRegistry uri https://registry.npm.taobao.org/gulp-sass
36 silly fetchNamedPackageData gulp-rename--save-dev
37 silly mapToRegistry name gulp-rename--save-dev
38 silly mapToRegistry using default registry
39 silly mapToRegistry registry https://registry.npm.taobao.org/
40 silly mapToRegistry data Result {
40 silly mapToRegistry   raw: 'gulp-rename--save-dev',
40 silly mapToRegistry   scope: null,
40 silly mapToRegistry   escapedName: 'gulp-rename--save-dev',
40 silly mapToRegistry   name: 'gulp-rename--save-dev',
40 silly mapToRegistry   rawSpec: '',
40 silly mapToRegistry   spec: 'latest',
40 silly mapToRegistry   type: 'tag' }
41 silly mapToRegistry uri https://registry.npm.taobao.org/gulp-rename--save-dev
42 verbose request uri https://registry.npm.taobao.org/gulp-rename--save-dev
43 verbose request no auth needed
44 info attempt registry request try #1 at 23:11:45
45 verbose request id 3f1ac6e01f48556a
46 http request GET https://registry.npm.taobao.org/gulp-rename--save-dev
47 verbose request uri https://registry.npm.taobao.org/gulp-uglify
48 verbose request no auth needed
49 info attempt registry request try #1 at 23:11:45
50 verbose etag "ed34-ePy9nYe4iINMZ3vvQU5GCCgUFRg"
51 http request GET https://registry.npm.taobao.org/gulp-uglify
52 verbose request uri https://registry.npm.taobao.org/gulp-concat
53 verbose request no auth needed
54 info attempt registry request try #1 at 23:11:45
55 verbose etag "b79c-4T/Ru2T/GizepFEytTYTRiIZgl8"
56 http request GET https://registry.npm.taobao.org/gulp-concat
57 verbose request uri https://registry.npm.taobao.org/gulp-jshint
58 verbose request no auth needed
59 info attempt registry request try #1 at 23:11:45
60 verbose etag "13f23-mz9GO6wihFzcdgJJ53CSrXjn9Gw"
61 http request GET https://registry.npm.taobao.org/gulp-jshint
62 verbose request uri https://registry.npm.taobao.org/gulp-sass
63 verbose request no auth needed
64 info attempt registry request try #1 at 23:11:45
65 verbose etag "1079c-whhUOizNA5z39zqZBwK8q+Dn7oc"
66 http request GET https://registry.npm.taobao.org/gulp-sass
67 http 304 https://registry.npm.taobao.org/gulp-jshint
68 verbose headers { date: 'Mon, 17 Apr 2017 15:11:43 GMT',
68 verbose headers   connection: 'keep-alive',
68 verbose headers   'x-current-requests': '1',
68 verbose headers   etag: '"13f23-mz9GO6wihFzcdgJJ53CSrXjn9Gw"',
68 verbose headers   'x-readtime': '29' }
69 silly get cb [ 304,
69 silly get   { date: 'Mon, 17 Apr 2017 15:11:43 GMT',
69 silly get     connection: 'keep-alive',
69 silly get     'x-current-requests': '1',
69 silly get     etag: '"13f23-mz9GO6wihFzcdgJJ53CSrXjn9Gw"',
69 silly get     'x-readtime': '29' } ]
70 verbose etag https://registry.npm.taobao.org/gulp-jshint from cache
71 verbose get saving gulp-jshint to C:\Users\zuobaiquan01\AppData\Roaming\npm-cache\registry.npm.taobao.org\gulp-jshint\.cache.json
72 verbose correctMkdir C:\Users\zuobaiquan01\AppData\Roaming\npm-cache correctMkdir not in flight; initializing
73 http 304 https://registry.npm.taobao.org/gulp-concat
74 verbose headers { date: 'Mon, 17 Apr 2017 15:11:43 GMT',
74 verbose headers   connection: 'keep-alive',
74 verbose headers   'x-current-requests': '1',
74 verbose headers   etag: '"b79c-4T/Ru2T/GizepFEytTYTRiIZgl8"',
74 verbose headers   'x-readtime': '34' }
75 silly get cb [ 304,
75 silly get   { date: 'Mon, 17 Apr 2017 15:11:43 GMT',
75 silly get     connection: 'keep-alive',
75 silly get     'x-current-requests': '1',
75 silly get     etag: '"b79c-4T/Ru2T/GizepFEytTYTRiIZgl8"',
75 silly get     'x-readtime': '34' } ]
76 verbose etag https://registry.npm.taobao.org/gulp-concat from cache
77 verbose get saving gulp-concat to C:\Users\zuobaiquan01\AppData\Roaming\npm-cache\registry.npm.taobao.org\gulp-concat\.cache.json
78 verbose correctMkdir C:\Users\zuobaiquan01\AppData\Roaming\npm-cache correctMkdir already in flight; waiting
79 http 304 https://registry.npm.taobao.org/gulp-uglify
80 verbose headers { date: 'Mon, 17 Apr 2017 15:11:44 GMT',
80 verbose headers   connection: 'keep-alive',
80 verbose headers   'x-current-requests': '1',
80 verbose headers   etag: '"ed34-ePy9nYe4iINMZ3vvQU5GCCgUFRg"',
80 verbose headers   'x-readtime': '55' }
81 silly get cb [ 304,
81 silly get   { date: 'Mon, 17 Apr 2017 15:11:44 GMT',
81 silly get     connection: 'keep-alive',
81 silly get     'x-current-requests': '1',
81 silly get     etag: '"ed34-ePy9nYe4iINMZ3vvQU5GCCgUFRg"',
81 silly get     'x-readtime': '55' } ]
82 verbose etag https://registry.npm.taobao.org/gulp-uglify from cache
83 verbose get saving gulp-uglify to C:\Users\zuobaiquan01\AppData\Roaming\npm-cache\registry.npm.taobao.org\gulp-uglify\.cache.json
84 verbose correctMkdir C:\Users\zuobaiquan01\AppData\Roaming\npm-cache correctMkdir not in flight; initializing
85 http 304 https://registry.npm.taobao.org/gulp-sass
86 verbose headers { date: 'Mon, 17 Apr 2017 15:11:44 GMT',
86 verbose headers   connection: 'keep-alive',
86 verbose headers   'x-current-requests': '1',
86 verbose headers   etag: '"1079c-whhUOizNA5z39zqZBwK8q+Dn7oc"',
86 verbose headers   'x-readtime': '50' }
87 silly get cb [ 304,
87 silly get   { date: 'Mon, 17 Apr 2017 15:11:44 GMT',
87 silly get     connection: 'keep-alive',
87 silly get     'x-current-requests': '1',
87 silly get     etag: '"1079c-whhUOizNA5z39zqZBwK8q+Dn7oc"',
87 silly get     'x-readtime': '50' } ]
88 verbose etag https://registry.npm.taobao.org/gulp-sass from cache
89 verbose get saving gulp-sass to C:\Users\zuobaiquan01\AppData\Roaming\npm-cache\registry.npm.taobao.org\gulp-sass\.cache.json
90 verbose correctMkdir C:\Users\zuobaiquan01\AppData\Roaming\npm-cache correctMkdir not in flight; initializing
91 http 404 https://registry.npm.taobao.org/gulp-rename--save-dev
92 verbose headers { 'content-type': 'application/json',
92 verbose headers   'cache-control': 'max-age=0',
92 verbose headers   'content-length': '2',
92 verbose headers   'accept-ranges': 'bytes',
92 verbose headers   date: 'Mon, 17 Apr 2017 15:11:45 GMT',
92 verbose headers   via: '1.1 varnish',
92 verbose headers   connection: 'keep-alive',
92 verbose headers   'x-served-by': 'cache-nrt6132-NRT',
92 verbose headers   'x-cache': 'MISS',
92 verbose headers   'x-cache-hits': '0',
92 verbose headers   'x-timer': 'S1492441905.691634,VS0,VE315',
92 verbose headers   vary: 'Accept-Encoding' }
93 silly get cb [ 404,
93 silly get   { 'content-type': 'application/json',
93 silly get     'cache-control': 'max-age=0',
93 silly get     'content-length': '2',
93 silly get     'accept-ranges': 'bytes',
93 silly get     date: 'Mon, 17 Apr 2017 15:11:45 GMT',
93 silly get     via: '1.1 varnish',
93 silly get     connection: 'keep-alive',
93 silly get     'x-served-by': 'cache-nrt6132-NRT',
93 silly get     'x-cache': 'MISS',
93 silly get     'x-cache-hits': '0',
93 silly get     'x-timer': 'S1492441905.691634,VS0,VE315',
93 silly get     vary: 'Accept-Encoding' } ]
94 silly fetchPackageMetaData Error: Registry returned 404 for GET on https://registry.npm.taobao.org/gulp-rename--save-dev
94 silly fetchPackageMetaData     at makeError (C:\Program Files\nodejs\node_modules\npm\node_modules\npm-registry-client\lib\request.js:302:12)
94 silly fetchPackageMetaData     at CachingRegistryClient.<anonymous> (C:\Program Files\nodejs\node_modules\npm\node_modules\npm-registry-client\lib\request.js:280:14)
94 silly fetchPackageMetaData     at Request._callback (C:\Program Files\nodejs\node_modules\npm\node_modules\npm-registry-client\lib\request.js:210:14)
94 silly fetchPackageMetaData     at Request.self.callback (C:\Program Files\nodejs\node_modules\npm\node_modules\request\request.js:187:22)
94 silly fetchPackageMetaData     at emitTwo (events.js:106:13)
94 silly fetchPackageMetaData     at Request.emit (events.js:191:7)
94 silly fetchPackageMetaData     at Request.<anonymous> (C:\Program Files\nodejs\node_modules\npm\node_modules\request\request.js:1048:10)
94 silly fetchPackageMetaData     at emitOne (events.js:96:13)
94 silly fetchPackageMetaData     at Request.emit (events.js:188:7)
94 silly fetchPackageMetaData     at IncomingMessage.<anonymous> (C:\Program Files\nodejs\node_modules\npm\node_modules\request\request.js:969:12)
94 silly fetchPackageMetaData  error for gulp-rename--save-dev { Error: Registry returned 404 for GET on https://registry.npm.taobao.org/gulp-rename--save-dev
94 silly fetchPackageMetaData     at makeError (C:\Program Files\nodejs\node_modules\npm\node_modules\npm-registry-client\lib\request.js:302:12)
94 silly fetchPackageMetaData     at CachingRegistryClient.<anonymous> (C:\Program Files\nodejs\node_modules\npm\node_modules\npm-registry-client\lib\request.js:280:14)
94 silly fetchPackageMetaData     at Request._callback (C:\Program Files\nodejs\node_modules\npm\node_modules\npm-registry-client\lib\request.js:210:14)
94 silly fetchPackageMetaData     at Request.self.callback (C:\Program Files\nodejs\node_modules\npm\node_modules\request\request.js:187:22)
94 silly fetchPackageMetaData     at emitTwo (events.js:106:13)
94 silly fetchPackageMetaData     at Request.emit (events.js:191:7)
94 silly fetchPackageMetaData     at Request.<anonymous> (C:\Program Files\nodejs\node_modules\npm\node_modules\request\request.js:1048:10)
94 silly fetchPackageMetaData     at emitOne (events.js:96:13)
94 silly fetchPackageMetaData     at Request.emit (events.js:188:7)
94 silly fetchPackageMetaData     at IncomingMessage.<anonymous> (C:\Program Files\nodejs\node_modules\npm\node_modules\request\request.js:969:12) pkgid: 'gulp-rename--save-dev', statusCode: 404, code: 'E404' }
95 silly rollbackFailedOptional Starting
96 silly rollbackFailedOptional Finishing
97 silly runTopLevelLifecycles Finishing
98 silly install printInstalled
99 verbose stack Error: Registry returned 404 for GET on https://registry.npm.taobao.org/gulp-rename--save-dev
99 verbose stack     at makeError (C:\Program Files\nodejs\node_modules\npm\node_modules\npm-registry-client\lib\request.js:302:12)
99 verbose stack     at CachingRegistryClient.<anonymous> (C:\Program Files\nodejs\node_modules\npm\node_modules\npm-registry-client\lib\request.js:280:14)
99 verbose stack     at Request._callback (C:\Program Files\nodejs\node_modules\npm\node_modules\npm-registry-client\lib\request.js:210:14)
99 verbose stack     at Request.self.callback (C:\Program Files\nodejs\node_modules\npm\node_modules\request\request.js:187:22)
99 verbose stack     at emitTwo (events.js:106:13)
99 verbose stack     at Request.emit (events.js:191:7)
99 verbose stack     at Request.<anonymous> (C:\Program Files\nodejs\node_modules\npm\node_modules\request\request.js:1048:10)
99 verbose stack     at emitOne (events.js:96:13)
99 verbose stack     at Request.emit (events.js:188:7)
99 verbose stack     at IncomingMessage.<anonymous> (C:\Program Files\nodejs\node_modules\npm\node_modules\request\request.js:969:12)
100 verbose statusCode 404
101 verbose pkgid gulp-rename--save-dev
102 verbose cwd E:\wwwroot\github\WebTool\web_gulp
103 error Windows_NT 10.0.10240
104 error argv "C:\\Program Files\\nodejs\\node.exe" "C:\\Program Files\\nodejs\\node_modules\\npm\\bin\\npm-cli.js" "install" "gulp-jshint" "gulp-sass" "gulp-concat" "gulp-uglify" "gulp-rename--save-dev"
105 error node v6.9.5
106 error npm  v3.10.10
107 error code E404
108 error 404 Registry returned 404 for GET on https://registry.npm.taobao.org/gulp-rename--save-dev
109 error 404
110 error 404 'gulp-rename--save-dev' is not in the npm registry.
111 error 404 You should bug the author to publish it (or use the name yourself!)
112 error 404 Note that you can also install from a
113 error 404 tarball, folder, http url, or git url.
114 verbose exit [ 1, true ]
